<?xml version="1.0" encoding="UTF-8"?>
<testng-results ignored="0" total="1" passed="1" failed="0" skipped="0">
  <reporter-output>
  </reporter-output>
  <suite started-at="2024-01-05T16:14:31 IST" name="Default suite" finished-at="2024-01-05T16:14:44 IST" duration-ms="12876">
    <groups>
    </groups>
    <test started-at="2024-01-05T16:14:31 IST" name="Default test" finished-at="2024-01-05T16:14:44 IST" duration-ms="12876">
      <class name="Project1.Tc17RemoveProductsFromCart">
        <test-method is-config="true" signature="setUp()[pri:0, instance:Project1.Tc17RemoveProductsFromCart@38425407]" started-at="2024-01-05T16:14:31 IST" name="setUp" finished-at="2024-01-05T16:14:41 IST" duration-ms="10119" status="PASS">
          <reporter-output>
          </reporter-output>
        </test-method> <!-- setUp -->
        <test-method signature="SearchPage()[pri:0, instance:Project1.Tc17RemoveProductsFromCart@38425407]" started-at="2024-01-05T16:14:41 IST" name="SearchPage" finished-at="2024-01-05T16:14:43 IST" duration-ms="2303" status="PASS">
          <reporter-output>
          </reporter-output>
        </test-method> <!-- SearchPage -->
        <test-method is-config="true" signature="tearDown()[pri:0, instance:Project1.Tc17RemoveProductsFromCart@38425407]" started-at="2024-01-05T16:14:43 IST" name="tearDown" finished-at="2024-01-05T16:14:44 IST" duration-ms="373" status="PASS">
          <reporter-output>
          </reporter-output>
        </test-method> <!-- tearDown -->
      </class> <!-- Project1.Tc17RemoveProductsFromCart -->
    </test> <!-- Default test -->
  </suite> <!-- Default suite -->
</testng-results>
